<?xml version="1.0" encoding="UTF-8"?>
<coverage generated="1622675360000" clover="3.2.0">
  <project timestamp="1622675360001" name="All files">
    <metrics statements="81" coveredstatements="73" conditionals="104" coveredconditionals="83" methods="26" coveredmethods="21" elements="211" coveredelements="177" complexity="0" loc="81" ncloc="81" packages="5" files="6" classes="6"/>
    <package name="components.cardFolderType">
      <metrics statements="7" coveredstatements="7" conditionals="60" coveredconditionals="50" methods="1" coveredmethods="1"/>
      <file name="CardFolderType.tsx" path="/home/felipelima/Documents/Projects/kinvo-front-end-test/src/components/cardFolderType/CardFolderType.tsx">
        <metrics statements="7" coveredstatements="7" conditionals="60" coveredconditionals="50" methods="1" coveredmethods="1"/>
        <line num="1" count="1" type="stmt"/>
        <line num="2" count="1" type="stmt"/>
        <line num="3" count="1" type="stmt"/>
        <line num="10" count="1" type="stmt"/>
        <line num="11" count="457" type="stmt"/>
        <line num="13" count="228" type="stmt"/>
        <line num="35" count="1" type="stmt"/>
      </file>
    </package>
    <package name="components.selectInput">
      <metrics statements="10" coveredstatements="8" conditionals="12" coveredconditionals="8" methods="3" coveredmethods="2"/>
      <file name="SelectInput.tsx" path="/home/felipelima/Documents/Projects/kinvo-front-end-test/src/components/selectInput/SelectInput.tsx">
        <metrics statements="10" coveredstatements="8" conditionals="12" coveredconditionals="8" methods="3" coveredmethods="2"/>
        <line num="1" count="1" type="stmt"/>
        <line num="2" count="1" type="stmt"/>
        <line num="6" count="1" type="stmt"/>
        <line num="7" count="169" type="stmt"/>
        <line num="9" count="56" type="stmt"/>
        <line num="10" count="0" type="cond" truecount="0" falsecount="2"/>
        <line num="11" count="0" type="stmt"/>
        <line num="15" count="56" type="stmt"/>
        <line num="18" count="112" type="cond" truecount="8" falsecount="2"/>
        <line num="25" count="1" type="stmt"/>
      </file>
    </package>
    <package name="components.svgIcon">
      <metrics statements="21" coveredstatements="19" conditionals="20" coveredconditionals="15" methods="8" coveredmethods="8"/>
      <file name="SvgIcon.tsx" path="/home/felipelima/Documents/Projects/kinvo-front-end-test/src/components/svgIcon/SvgIcon.tsx">
        <metrics statements="21" coveredstatements="19" conditionals="20" coveredconditionals="15" methods="8" coveredmethods="8"/>
        <line num="1" count="1" type="stmt"/>
        <line num="2" count="1" type="stmt"/>
        <line num="3" count="1" type="stmt"/>
        <line num="6" count="1" type="cond" truecount="2" falsecount="0"/>
        <line num="7" count="112" type="cond" truecount="2" falsecount="0"/>
        <line num="8" count="112" type="cond" truecount="2" falsecount="0"/>
        <line num="10" count="112" type="cond" truecount="2" falsecount="0"/>
        <line num="11" count="112" type="cond" truecount="2" falsecount="0"/>
        <line num="12" count="112" type="cond" truecount="1" falsecount="1"/>
        <line num="13" count="112" type="cond" truecount="1" falsecount="1"/>
        <line num="16" count="1" type="stmt"/>
        <line num="17" count="784" type="stmt"/>
        <line num="18" count="112" type="stmt"/>
        <line num="20" count="112" type="stmt"/>
        <line num="21" count="6" type="cond" truecount="1" falsecount="1"/>
        <line num="22" count="6" type="cond" truecount="1" falsecount="1"/>
        <line num="23" count="0" type="stmt"/>
        <line num="27" count="112" type="cond" truecount="1" falsecount="1"/>
        <line num="28" count="0" type="stmt"/>
        <line num="31" count="112" type="stmt"/>
        <line num="34" count="1" type="stmt"/>
      </file>
    </package>
    <package name="pages.fixedIncomeFund">
      <metrics statements="2" coveredstatements="2" conditionals="0" coveredconditionals="0" methods="0" coveredmethods="0"/>
      <file name="FixedIncomeFund.types.ts" path="/home/felipelima/Documents/Projects/kinvo-front-end-test/src/pages/fixedIncomeFund/FixedIncomeFund.types.ts">
        <metrics statements="2" coveredstatements="2" conditionals="0" coveredconditionals="0" methods="0" coveredmethods="0"/>
        <line num="1" count="1" type="stmt"/>
        <line num="10" count="1" type="stmt"/>
      </file>
    </package>
    <package name="pages.fixedIncomeFund.components.snapshotByProduct">
      <metrics statements="41" coveredstatements="37" conditionals="12" coveredconditionals="10" methods="14" coveredmethods="10"/>
      <file name="SnapshotByProduct.data.ts" path="/home/felipelima/Documents/Projects/kinvo-front-end-test/src/pages/fixedIncomeFund/components/snapshotByProduct/SnapshotByProduct.data.ts">
        <metrics statements="1" coveredstatements="1" conditionals="0" coveredconditionals="0" methods="0" coveredmethods="0"/>
        <line num="1" count="1" type="stmt"/>
      </file>
      <file name="SnapshotByProduct.tsx" path="/home/felipelima/Documents/Projects/kinvo-front-end-test/src/pages/fixedIncomeFund/components/snapshotByProduct/SnapshotByProduct.tsx">
        <metrics statements="40" coveredstatements="36" conditionals="12" coveredconditionals="10" methods="14" coveredmethods="10"/>
        <line num="1" count="1" type="stmt"/>
        <line num="2" count="1" type="stmt"/>
        <line num="3" count="1" type="stmt"/>
        <line num="4" count="1" type="stmt"/>
        <line num="5" count="1" type="stmt"/>
        <line num="6" count="1" type="stmt"/>
        <line num="7" count="1" type="stmt"/>
        <line num="8" count="1" type="stmt"/>
        <line num="11" count="1" type="stmt"/>
        <line num="12" count="57" type="stmt"/>
        <line num="13" count="56" type="stmt"/>
        <line num="14" count="56" type="stmt"/>
        <line num="15" count="56" type="stmt"/>
        <line num="16" count="56" type="stmt"/>
        <line num="18" count="56" type="stmt"/>
        <line num="19" count="0" type="stmt"/>
        <line num="22" count="56" type="stmt"/>
        <line num="24" count="58" type="stmt"/>
        <line num="25" count="58" type="stmt"/>
        <line num="28" count="56" type="stmt"/>
        <line num="29" count="230" type="cond" truecount="2" falsecount="0"/>
        <line num="30" count="46" type="stmt"/>
        <line num="33" count="56" type="stmt"/>
        <line num="34" count="3" type="cond" truecount="1" falsecount="1"/>
        <line num="35" count="3" type="stmt"/>
        <line num="36" count="3" type="stmt"/>
        <line num="37" count="3" type="stmt"/>
        <line num="38" count="3" type="stmt"/>
        <line num="42" count="56" type="stmt"/>
        <line num="43" count="5" type="cond" truecount="1" falsecount="1"/>
        <line num="44" count="5" type="cond" truecount="2" falsecount="0"/>
        <line num="45" count="5" type="stmt"/>
        <line num="49" count="56" type="stmt"/>
        <line num="54" count="0" type="stmt"/>
        <line num="57" count="46" type="stmt"/>
        <line num="62" count="76" type="cond" truecount="4" falsecount="0"/>
        <line num="64" count="228" type="stmt"/>
        <line num="70" count="0" type="stmt"/>
        <line num="72" count="0" type="stmt"/>
        <line num="79" count="1" type="stmt"/>
      </file>
    </package>
  </project>
</coverage>
