<?xml version="1.0" encoding="UTF-8"?>
<coverage generated="1622664153169" clover="3.2.0">
  <project timestamp="1622664153170" name="All files">
    <metrics statements="44" coveredstatements="42" conditionals="84" coveredconditionals="66" methods="12" coveredmethods="12" elements="140" coveredelements="120" complexity="0" loc="44" ncloc="44" packages="4" files="5" classes="5"/>
    <package name="cardFolderType">
      <metrics statements="7" coveredstatements="7" conditionals="60" coveredconditionals="50" methods="1" coveredmethods="1"/>
      <file name="CardFolderType.tsx" path="/home/felipelima/Documents/Projects/kinvo-front-end-test/src/components/cardFolderType/CardFolderType.tsx">
        <metrics statements="7" coveredstatements="7" conditionals="60" coveredconditionals="50" methods="1" coveredmethods="1"/>
        <line num="1" count="1" type="stmt"/>
        <line num="2" count="1" type="stmt"/>
        <line num="3" count="1" type="stmt"/>
        <line num="10" count="1" type="stmt"/>
        <line num="11" count="6" type="stmt"/>
        <line num="13" count="3" type="stmt"/>
        <line num="35" count="1" type="stmt"/>
      </file>
    </package>
    <package name="cards">
      <metrics statements="7" coveredstatements="7" conditionals="2" coveredconditionals="2" methods="1" coveredmethods="1"/>
      <file name="Cards.tsx" path="/home/felipelima/Documents/Projects/kinvo-front-end-test/src/components/cards/Cards.tsx">
        <metrics statements="7" coveredstatements="7" conditionals="2" coveredconditionals="2" methods="1" coveredmethods="1"/>
        <line num="1" count="1" type="stmt"/>
        <line num="2" count="1" type="stmt"/>
        <line num="3" count="1" type="stmt"/>
        <line num="6" count="1" type="stmt"/>
        <line num="7" count="6" type="stmt"/>
        <line num="8" count="2" type="stmt"/>
        <line num="18" count="1" type="stmt"/>
      </file>
    </package>
    <package name="kinvoHeader">
      <metrics statements="9" coveredstatements="9" conditionals="2" coveredconditionals="2" methods="2" coveredmethods="2"/>
      <file name="KinvoHeader.data.ts" path="/home/felipelima/Documents/Projects/kinvo-front-end-test/src/components/kinvoHeader/KinvoHeader.data.ts">
        <metrics statements="1" coveredstatements="1" conditionals="0" coveredconditionals="0" methods="0" coveredmethods="0"/>
        <line num="1" count="1" type="stmt"/>
      </file>
      <file name="KinvoHeader.tsx" path="/home/felipelima/Documents/Projects/kinvo-front-end-test/src/components/kinvoHeader/KinvoHeader.tsx">
        <metrics statements="8" coveredstatements="8" conditionals="2" coveredconditionals="2" methods="2" coveredmethods="2"/>
        <line num="1" count="1" type="stmt"/>
        <line num="2" count="1" type="stmt"/>
        <line num="3" count="1" type="stmt"/>
        <line num="4" count="1" type="stmt"/>
        <line num="5" count="1" type="stmt"/>
        <line num="7" count="2" type="stmt"/>
        <line num="11" count="6" type="stmt"/>
        <line num="27" count="1" type="stmt"/>
      </file>
    </package>
    <package name="svgIcon">
      <metrics statements="21" coveredstatements="19" conditionals="20" coveredconditionals="12" methods="8" coveredmethods="8"/>
      <file name="SvgIcon.tsx" path="/home/felipelima/Documents/Projects/kinvo-front-end-test/src/components/svgIcon/SvgIcon.tsx">
        <metrics statements="21" coveredstatements="19" conditionals="20" coveredconditionals="12" methods="8" coveredmethods="8"/>
        <line num="1" count="1" type="stmt"/>
        <line num="2" count="1" type="stmt"/>
        <line num="3" count="1" type="stmt"/>
        <line num="6" count="1" type="cond" truecount="2" falsecount="0"/>
        <line num="7" count="5" type="cond" truecount="1" falsecount="1"/>
        <line num="8" count="5" type="cond" truecount="1" falsecount="1"/>
        <line num="10" count="5" type="cond" truecount="1" falsecount="1"/>
        <line num="11" count="5" type="cond" truecount="1" falsecount="1"/>
        <line num="12" count="5" type="cond" truecount="2" falsecount="0"/>
        <line num="13" count="5" type="cond" truecount="1" falsecount="1"/>
        <line num="16" count="1" type="stmt"/>
        <line num="17" count="35" type="stmt"/>
        <line num="18" count="5" type="stmt"/>
        <line num="20" count="5" type="stmt"/>
        <line num="21" count="5" type="cond" truecount="1" falsecount="1"/>
        <line num="22" count="5" type="cond" truecount="1" falsecount="1"/>
        <line num="23" count="0" type="stmt"/>
        <line num="27" count="5" type="cond" truecount="1" falsecount="1"/>
        <line num="28" count="0" type="stmt"/>
        <line num="31" count="5" type="stmt"/>
        <line num="34" count="1" type="stmt"/>
      </file>
    </package>
  </project>
</coverage>
