{"/home/felipelima/Documents/Projects/kinvo-front-end-test/src/components/cardFolderType/CardFolderType.tsx": {"path":"/home/felipelima/Documents/Projects/kinvo-front-end-test/src/components/cardFolderType/CardFolderType.tsx","statementMap":{"0":{"start":{"line":1,"column":0},"end":{"line":1,"column":71}},"1":{"start":{"line":2,"column":0},"end":{"line":2,"column":51}},"2":{"start":{"line":3,"column":0},"end":{"line":3,"column":110}},"3":{"start":{"line":10,"column":23},"end":{"line":33,"column":1}},"4":{"start":{"line":11,"column":26},"end":{"line":11,"column":32}},"5":{"start":{"line":13,"column":2},"end":{"line":32,"column":4}},"6":{"start":{"line":35,"column":0},"end":{"line":35,"column":30}}},"fnMap":{"0":{"name":"(anonymous_1)","decl":{"start":{"line":10,"column":23},"end":{"line":10,"column":24}},"loc":{"start":{"line":10,"column":46},"end":{"line":33,"column":1}}}},"branchMap":{"0":{"loc":{"start":{"line":20,"column":9},"end":{"line":20,"column":19}},"type":"binary-expr","locations":[{"start":{"line":20,"column":9},"end":{"line":20,"column":19}},{"start":{"line":20,"column":23},"end":{"line":20,"column":86}}]},"1":{"loc":{"start":{"line":20,"column":13},"end":{"line":20,"column":15}},"type":"cond-expr","locations":[{"start":{"line":20,"column":13},"end":{"line":20,"column":15}},{"start":{"line":20,"column":9},"end":{"line":20,"column":19}}]},"2":{"loc":{"start":{"line":20,"column":9},"end":{"line":20,"column":15}},"type":"binary-expr","locations":[{"start":{"line":20,"column":9},"end":{"line":20,"column":15}},{"start":{"line":20,"column":9},"end":{"line":20,"column":15}}]},"3":{"loc":{"start":{"line":21,"column":9},"end":{"line":21,"column":23}},"type":"binary-expr","locations":[{"start":{"line":21,"column":9},"end":{"line":21,"column":23}},{"start":{"line":21,"column":27},"end":{"line":21,"column":118}}]},"4":{"loc":{"start":{"line":21,"column":13},"end":{"line":21,"column":15}},"type":"cond-expr","locations":[{"start":{"line":21,"column":13},"end":{"line":21,"column":15}},{"start":{"line":21,"column":9},"end":{"line":21,"column":23}}]},"5":{"loc":{"start":{"line":21,"column":9},"end":{"line":21,"column":15}},"type":"binary-expr","locations":[{"start":{"line":21,"column":9},"end":{"line":21,"column":15}},{"start":{"line":21,"column":9},"end":{"line":21,"column":15}}]},"6":{"loc":{"start":{"line":22,"column":9},"end":{"line":22,"column":27}},"type":"binary-expr","locations":[{"start":{"line":22,"column":9},"end":{"line":22,"column":27}},{"start":{"line":22,"column":31},"end":{"line":22,"column":167}}]},"7":{"loc":{"start":{"line":22,"column":13},"end":{"line":22,"column":15}},"type":"cond-expr","locations":[{"start":{"line":22,"column":13},"end":{"line":22,"column":15}},{"start":{"line":22,"column":9},"end":{"line":22,"column":27}}]},"8":{"loc":{"start":{"line":22,"column":9},"end":{"line":22,"column":15}},"type":"binary-expr","locations":[{"start":{"line":22,"column":9},"end":{"line":22,"column":15}},{"start":{"line":22,"column":9},"end":{"line":22,"column":15}}]},"9":{"loc":{"start":{"line":23,"column":9},"end":{"line":23,"column":21}},"type":"binary-expr","locations":[{"start":{"line":23,"column":9},"end":{"line":23,"column":21}},{"start":{"line":23,"column":25},"end":{"line":23,"column":154}}]},"10":{"loc":{"start":{"line":23,"column":13},"end":{"line":23,"column":15}},"type":"cond-expr","locations":[{"start":{"line":23,"column":13},"end":{"line":23,"column":15}},{"start":{"line":23,"column":9},"end":{"line":23,"column":21}}]},"11":{"loc":{"start":{"line":23,"column":9},"end":{"line":23,"column":15}},"type":"binary-expr","locations":[{"start":{"line":23,"column":9},"end":{"line":23,"column":15}},{"start":{"line":23,"column":9},"end":{"line":23,"column":15}}]},"12":{"loc":{"start":{"line":24,"column":9},"end":{"line":24,"column":28}},"type":"binary-expr","locations":[{"start":{"line":24,"column":9},"end":{"line":24,"column":28}},{"start":{"line":24,"column":32},"end":{"line":24,"column":131}}]},"13":{"loc":{"start":{"line":24,"column":13},"end":{"line":24,"column":15}},"type":"cond-expr","locations":[{"start":{"line":24,"column":13},"end":{"line":24,"column":15}},{"start":{"line":24,"column":9},"end":{"line":24,"column":28}}]},"14":{"loc":{"start":{"line":24,"column":9},"end":{"line":24,"column":15}},"type":"binary-expr","locations":[{"start":{"line":24,"column":9},"end":{"line":24,"column":15}},{"start":{"line":24,"column":9},"end":{"line":24,"column":15}}]},"15":{"loc":{"start":{"line":25,"column":9},"end":{"line":25,"column":34}},"type":"binary-expr","locations":[{"start":{"line":25,"column":9},"end":{"line":25,"column":34}},{"start":{"line":25,"column":38},"end":{"line":25,"column":148}}]},"16":{"loc":{"start":{"line":25,"column":13},"end":{"line":25,"column":15}},"type":"cond-expr","locations":[{"start":{"line":25,"column":13},"end":{"line":25,"column":15}},{"start":{"line":25,"column":9},"end":{"line":25,"column":34}}]},"17":{"loc":{"start":{"line":25,"column":9},"end":{"line":25,"column":15}},"type":"binary-expr","locations":[{"start":{"line":25,"column":9},"end":{"line":25,"column":15}},{"start":{"line":25,"column":9},"end":{"line":25,"column":15}}]},"18":{"loc":{"start":{"line":26,"column":9},"end":{"line":26,"column":27}},"type":"binary-expr","locations":[{"start":{"line":26,"column":9},"end":{"line":26,"column":27}},{"start":{"line":26,"column":31},"end":{"line":26,"column":126}}]},"19":{"loc":{"start":{"line":26,"column":13},"end":{"line":26,"column":15}},"type":"cond-expr","locations":[{"start":{"line":26,"column":13},"end":{"line":26,"column":15}},{"start":{"line":26,"column":9},"end":{"line":26,"column":27}}]},"20":{"loc":{"start":{"line":26,"column":9},"end":{"line":26,"column":15}},"type":"binary-expr","locations":[{"start":{"line":26,"column":9},"end":{"line":26,"column":15}},{"start":{"line":26,"column":9},"end":{"line":26,"column":15}}]},"21":{"loc":{"start":{"line":27,"column":9},"end":{"line":27,"column":36}},"type":"binary-expr","locations":[{"start":{"line":27,"column":9},"end":{"line":27,"column":36}},{"start":{"line":27,"column":40},"end":{"line":27,"column":150}}]},"22":{"loc":{"start":{"line":27,"column":13},"end":{"line":27,"column":15}},"type":"cond-expr","locations":[{"start":{"line":27,"column":13},"end":{"line":27,"column":15}},{"start":{"line":27,"column":9},"end":{"line":27,"column":36}}]},"23":{"loc":{"start":{"line":27,"column":9},"end":{"line":27,"column":15}},"type":"binary-expr","locations":[{"start":{"line":27,"column":9},"end":{"line":27,"column":15}},{"start":{"line":27,"column":9},"end":{"line":27,"column":15}}]},"24":{"loc":{"start":{"line":28,"column":9},"end":{"line":28,"column":19}},"type":"binary-expr","locations":[{"start":{"line":28,"column":9},"end":{"line":28,"column":19}},{"start":{"line":28,"column":23},"end":{"line":28,"column":116}}]},"25":{"loc":{"start":{"line":28,"column":13},"end":{"line":28,"column":15}},"type":"cond-expr","locations":[{"start":{"line":28,"column":13},"end":{"line":28,"column":15}},{"start":{"line":28,"column":9},"end":{"line":28,"column":19}}]},"26":{"loc":{"start":{"line":28,"column":9},"end":{"line":28,"column":15}},"type":"binary-expr","locations":[{"start":{"line":28,"column":9},"end":{"line":28,"column":15}},{"start":{"line":28,"column":9},"end":{"line":28,"column":15}}]},"27":{"loc":{"start":{"line":29,"column":9},"end":{"line":29,"column":34}},"type":"binary-expr","locations":[{"start":{"line":29,"column":9},"end":{"line":29,"column":34}},{"start":{"line":29,"column":38},"end":{"line":29,"column":149}}]},"28":{"loc":{"start":{"line":29,"column":13},"end":{"line":29,"column":15}},"type":"cond-expr","locations":[{"start":{"line":29,"column":13},"end":{"line":29,"column":15}},{"start":{"line":29,"column":9},"end":{"line":29,"column":34}}]},"29":{"loc":{"start":{"line":29,"column":9},"end":{"line":29,"column":15}},"type":"binary-expr","locations":[{"start":{"line":29,"column":9},"end":{"line":29,"column":15}},{"start":{"line":29,"column":9},"end":{"line":29,"column":15}}]}},"s":{"0":1,"1":1,"2":1,"3":1,"4":6,"5":3,"6":1},"f":{"0":3},"b":{"0":[3,1],"1":[0,3],"2":[3,3],"3":[3,1],"4":[0,3],"5":[3,3],"6":[3,1],"7":[0,3],"8":[3,3],"9":[3,1],"10":[0,3],"11":[3,3],"12":[3,1],"13":[0,3],"14":[3,3],"15":[3,1],"16":[0,3],"17":[3,3],"18":[3,1],"19":[0,3],"20":[3,3],"21":[3,1],"22":[0,3],"23":[3,3],"24":[3,1],"25":[0,3],"26":[3,3],"27":[3,1],"28":[0,3],"29":[3,3]}}
,"/home/felipelima/Documents/Projects/kinvo-front-end-test/src/components/cards/Cards.tsx": {"path":"/home/felipelima/Documents/Projects/kinvo-front-end-test/src/components/cards/Cards.tsx","statementMap":{"0":{"start":{"line":1,"column":0},"end":{"line":1,"column":58}},"1":{"start":{"line":2,"column":0},"end":{"line":2,"column":26}},"2":{"start":{"line":3,"column":0},"end":{"line":3,"column":63}},"3":{"start":{"line":6,"column":14},"end":{"line":16,"column":1}},"4":{"start":{"line":7,"column":33},"end":{"line":7,"column":39}},"5":{"start":{"line":8,"column":2},"end":{"line":15,"column":4}},"6":{"start":{"line":18,"column":0},"end":{"line":18,"column":21}}},"fnMap":{"0":{"name":"(anonymous_1)","decl":{"start":{"line":6,"column":14},"end":{"line":6,"column":15}},"loc":{"start":{"line":6,"column":31},"end":{"line":16,"column":1}}}},"branchMap":{"0":{"loc":{"start":{"line":12,"column":38},"end":{"line":12,"column":70}},"type":"cond-expr","locations":[{"start":{"line":12,"column":38},"end":{"line":12,"column":70}},{"start":{"line":12,"column":76},"end":{"line":12,"column":84}}]}},"s":{"0":1,"1":1,"2":1,"3":1,"4":6,"5":2,"6":1},"f":{"0":2},"b":{"0":[1,1]}}
,"/home/felipelima/Documents/Projects/kinvo-front-end-test/src/components/kinvoHeader/KinvoHeader.data.ts": {"path":"/home/felipelima/Documents/Projects/kinvo-front-end-test/src/components/kinvoHeader/KinvoHeader.data.ts","statementMap":{"0":{"start":{"line":1,"column":13},"end":{"line":18,"column":2}}},"fnMap":{},"branchMap":{},"s":{"0":1},"f":{},"b":{}}
,"/home/felipelima/Documents/Projects/kinvo-front-end-test/src/components/kinvoHeader/KinvoHeader.tsx": {"path":"/home/felipelima/Documents/Projects/kinvo-front-end-test/src/components/kinvoHeader/KinvoHeader.tsx","statementMap":{"0":{"start":{"line":1,"column":0},"end":{"line":1,"column":50}},"1":{"start":{"line":2,"column":0},"end":{"line":2,"column":58}},"2":{"start":{"line":3,"column":0},"end":{"line":3,"column":26}},"3":{"start":{"line":4,"column":0},"end":{"line":4,"column":56}},"4":{"start":{"line":5,"column":0},"end":{"line":5,"column":102}},"5":{"start":{"line":7,"column":20},"end":{"line":7,"column":null}},"6":{"start":{"line":7,"column":26},"end":{"line":25,"column":2}},"7":{"start":{"line":11,"column":45},"end":{"line":19,"column":8}},"8":{"start":{"line":27,"column":0},"end":{"line":27,"column":27}}},"fnMap":{"0":{"name":"(anonymous_1)","decl":{"start":{"line":7,"column":20},"end":{"line":7,"column":26}},"loc":{"start":{"line":7,"column":20},"end":{"line":7,"column":null}}},"1":{"name":"(anonymous_2)","decl":{"start":{"line":11,"column":30},"end":{"line":11,"column":41}},"loc":{"start":{"line":11,"column":41},"end":{"line":11,"column":null}}}},"branchMap":{"0":{"loc":{"start":{"line":16,"column":40},"end":{"line":16,"column":76}},"type":"cond-expr","locations":[{"start":{"line":16,"column":40},"end":{"line":16,"column":76}},{"start":{"line":16,"column":82},"end":{"line":16,"column":107}}]}},"s":{"0":1,"1":1,"2":1,"3":1,"4":1,"5":1,"6":2,"7":6,"8":1},"f":{"0":2,"1":6},"b":{"0":[4,2]}}
,"/home/felipelima/Documents/Projects/kinvo-front-end-test/src/components/svgIcon/SvgIcon.tsx": {"path":"/home/felipelima/Documents/Projects/kinvo-front-end-test/src/components/svgIcon/SvgIcon.tsx","statementMap":{"0":{"start":{"line":1,"column":0},"end":{"line":1,"column":51}},"1":{"start":{"line":2,"column":0},"end":{"line":2,"column":39}},"2":{"start":{"line":3,"column":0},"end":{"line":3,"column":34}},"3":{"start":{"line":6,"column":18},"end":{"line":13,"column":null}},"4":{"start":{"line":7,"column":20},"end":{"line":7,"column":null}},"5":{"start":{"line":8,"column":21},"end":{"line":8,"column":null}},"6":{"start":{"line":10,"column":24},"end":{"line":10,"column":null}},"7":{"start":{"line":11,"column":23},"end":{"line":11,"column":null}},"8":{"start":{"line":12,"column":13},"end":{"line":12,"column":null}},"9":{"start":{"line":13,"column":13},"end":{"line":13,"column":null}},"10":{"start":{"line":16,"column":23},"end":{"line":32,"column":1}},"11":{"start":{"line":17,"column":66},"end":{"line":17,"column":72}},"12":{"start":{"line":18,"column":26},"end":{"line":18,"column":41}},"13":{"start":{"line":18,"column":13},"end":{"line":18,"column":15}},"14":{"start":{"line":18,"column":22},"end":{"line":18,"column":26}},"15":{"start":{"line":20,"column":2},"end":{"line":25,"column":9}},"16":{"start":{"line":21,"column":19},"end":{"line":21,"column":84}},"17":{"start":{"line":22,"column":4},"end":{"line":24,"column":null}},"18":{"start":{"line":23,"column":6},"end":{"line":23,"column":20}},"19":{"start":{"line":27,"column":2},"end":{"line":29,"column":null}},"20":{"start":{"line":28,"column":4},"end":{"line":28,"column":144}},"21":{"start":{"line":31,"column":2},"end":{"line":31,"column":134}},"22":{"start":{"line":16,"column":13},"end":{"line":16,"column":23}},"23":{"start":{"line":34,"column":0},"end":{"line":34,"column":23}}},"fnMap":{"0":{"name":"(anonymous_8)","decl":{"start":{"line":7,"column":11},"end":{"line":7,"column":16}},"loc":{"start":{"line":7,"column":16},"end":{"line":7,"column":25}}},"1":{"name":"(anonymous_9)","decl":{"start":{"line":8,"column":12},"end":{"line":8,"column":17}},"loc":{"start":{"line":8,"column":17},"end":{"line":8,"column":26}}},"2":{"name":"(anonymous_10)","decl":{"start":{"line":10,"column":15},"end":{"line":10,"column":20}},"loc":{"start":{"line":10,"column":20},"end":{"line":10,"column":25}}},"3":{"name":"(anonymous_11)","decl":{"start":{"line":11,"column":14},"end":{"line":11,"column":19}},"loc":{"start":{"line":11,"column":19},"end":{"line":11,"column":28}}},"4":{"name":"(anonymous_12)","decl":{"start":{"line":12,"column":4},"end":{"line":12,"column":9}},"loc":{"start":{"line":12,"column":9},"end":{"line":12,"column":14}}},"5":{"name":"(anonymous_13)","decl":{"start":{"line":13,"column":4},"end":{"line":13,"column":9}},"loc":{"start":{"line":13,"column":9},"end":{"line":13,"column":14}}},"6":{"name":"(anonymous_14)","decl":{"start":{"line":16,"column":23},"end":{"line":16,"column":24}},"loc":{"start":{"line":16,"column":43},"end":{"line":32,"column":1}}},"7":{"name":"(anonymous_15)","decl":{"start":{"line":20,"column":12},"end":{"line":20,"column":null}},"loc":{"start":{"line":20,"column":12},"end":{"line":25,"column":3}}}},"branchMap":{"0":{"loc":{"start":{"line":6,"column":29},"end":{"line":6,"column":null}},"type":"binary-expr","locations":[{"start":{"line":6,"column":29},"end":{"line":6,"column":null}},{"start":{"line":6,"column":29},"end":{"line":14,"column":2}}]},"1":{"loc":{"start":{"line":7,"column":20},"end":{"line":7,"column":31}},"type":"binary-expr","locations":[{"start":{"line":7,"column":20},"end":{"line":7,"column":31}},{"start":{"line":7,"column":35},"end":{"line":7,"column":37}}]},"2":{"loc":{"start":{"line":8,"column":21},"end":{"line":8,"column":33}},"type":"binary-expr","locations":[{"start":{"line":8,"column":21},"end":{"line":8,"column":33}},{"start":{"line":8,"column":37},"end":{"line":8,"column":39}}]},"3":{"loc":{"start":{"line":10,"column":42},"end":{"line":10,"column":57}},"type":"cond-expr","locations":[{"start":{"line":10,"column":42},"end":{"line":10,"column":57}},{"start":{"line":10,"column":60},"end":{"line":10,"column":66}}]},"4":{"loc":{"start":{"line":11,"column":23},"end":{"line":11,"column":34}},"type":"binary-expr","locations":[{"start":{"line":11,"column":23},"end":{"line":11,"column":34}},{"start":{"line":11,"column":38},"end":{"line":11,"column":40}}]},"5":{"loc":{"start":{"line":12,"column":27},"end":{"line":12,"column":69}},"type":"cond-expr","locations":[{"start":{"line":12,"column":27},"end":{"line":12,"column":69}},{"start":{"line":12,"column":72},"end":{"line":12,"column":85}}]},"6":{"loc":{"start":{"line":13,"column":29},"end":{"line":13,"column":75}},"type":"cond-expr","locations":[{"start":{"line":13,"column":29},"end":{"line":13,"column":75}},{"start":{"line":13,"column":78},"end":{"line":13,"column":80}}]},"7":{"loc":{"start":{"line":21,"column":19},"end":{"line":21,"column":48}},"type":"binary-expr","locations":[{"start":{"line":21,"column":19},"end":{"line":21,"column":48}},{"start":{"line":21,"column":52},"end":{"line":21,"column":84}}]},"8":{"loc":{"start":{"line":22,"column":4},"end":{"line":24,"column":null}},"type":"if","locations":[{"start":{"line":22,"column":4},"end":{"line":24,"column":null}},{"start":{"line":22,"column":4},"end":{"line":24,"column":null}}]},"9":{"loc":{"start":{"line":27,"column":2},"end":{"line":29,"column":null}},"type":"if","locations":[{"start":{"line":27,"column":2},"end":{"line":29,"column":null}},{"start":{"line":27,"column":2},"end":{"line":29,"column":null}}]}},"s":{"0":1,"1":1,"2":1,"3":1,"4":5,"5":5,"6":5,"7":5,"8":5,"9":5,"10":1,"11":35,"12":5,"13":5,"14":5,"15":5,"16":5,"17":5,"18":0,"19":5,"20":0,"21":5,"22":1,"23":1},"f":{"0":5,"1":5,"2":5,"3":5,"4":5,"5":5,"6":5,"7":5},"b":{"0":[1,1],"1":[5,0],"2":[5,0],"3":[5,0],"4":[5,0],"5":[1,4],"6":[0,5],"7":[5,0],"8":[0,5],"9":[0,5]}}
}
