{"/home/felipelima/Documents/Projects/kinvo-front-end-test/src/components/cardFolderType/CardFolderType.tsx": {"path":"/home/felipelima/Documents/Projects/kinvo-front-end-test/src/components/cardFolderType/CardFolderType.tsx","statementMap":{"0":{"start":{"line":1,"column":0},"end":{"line":1,"column":71}},"1":{"start":{"line":2,"column":0},"end":{"line":2,"column":51}},"2":{"start":{"line":3,"column":0},"end":{"line":3,"column":110}},"3":{"start":{"line":10,"column":23},"end":{"line":33,"column":1}},"4":{"start":{"line":11,"column":26},"end":{"line":11,"column":32}},"5":{"start":{"line":13,"column":2},"end":{"line":32,"column":4}},"6":{"start":{"line":35,"column":0},"end":{"line":35,"column":30}}},"fnMap":{"0":{"name":"(anonymous_1)","decl":{"start":{"line":10,"column":23},"end":{"line":10,"column":24}},"loc":{"start":{"line":10,"column":46},"end":{"line":33,"column":1}}}},"branchMap":{"0":{"loc":{"start":{"line":20,"column":9},"end":{"line":20,"column":19}},"type":"binary-expr","locations":[{"start":{"line":20,"column":9},"end":{"line":20,"column":19}},{"start":{"line":20,"column":23},"end":{"line":20,"column":86}}]},"1":{"loc":{"start":{"line":20,"column":13},"end":{"line":20,"column":15}},"type":"cond-expr","locations":[{"start":{"line":20,"column":13},"end":{"line":20,"column":15}},{"start":{"line":20,"column":9},"end":{"line":20,"column":19}}]},"2":{"loc":{"start":{"line":20,"column":9},"end":{"line":20,"column":15}},"type":"binary-expr","locations":[{"start":{"line":20,"column":9},"end":{"line":20,"column":15}},{"start":{"line":20,"column":9},"end":{"line":20,"column":15}}]},"3":{"loc":{"start":{"line":21,"column":9},"end":{"line":21,"column":23}},"type":"binary-expr","locations":[{"start":{"line":21,"column":9},"end":{"line":21,"column":23}},{"start":{"line":21,"column":27},"end":{"line":21,"column":118}}]},"4":{"loc":{"start":{"line":21,"column":13},"end":{"line":21,"column":15}},"type":"cond-expr","locations":[{"start":{"line":21,"column":13},"end":{"line":21,"column":15}},{"start":{"line":21,"column":9},"end":{"line":21,"column":23}}]},"5":{"loc":{"start":{"line":21,"column":9},"end":{"line":21,"column":15}},"type":"binary-expr","locations":[{"start":{"line":21,"column":9},"end":{"line":21,"column":15}},{"start":{"line":21,"column":9},"end":{"line":21,"column":15}}]},"6":{"loc":{"start":{"line":22,"column":9},"end":{"line":22,"column":27}},"type":"binary-expr","locations":[{"start":{"line":22,"column":9},"end":{"line":22,"column":27}},{"start":{"line":22,"column":31},"end":{"line":22,"column":167}}]},"7":{"loc":{"start":{"line":22,"column":13},"end":{"line":22,"column":15}},"type":"cond-expr","locations":[{"start":{"line":22,"column":13},"end":{"line":22,"column":15}},{"start":{"line":22,"column":9},"end":{"line":22,"column":27}}]},"8":{"loc":{"start":{"line":22,"column":9},"end":{"line":22,"column":15}},"type":"binary-expr","locations":[{"start":{"line":22,"column":9},"end":{"line":22,"column":15}},{"start":{"line":22,"column":9},"end":{"line":22,"column":15}}]},"9":{"loc":{"start":{"line":23,"column":9},"end":{"line":23,"column":21}},"type":"binary-expr","locations":[{"start":{"line":23,"column":9},"end":{"line":23,"column":21}},{"start":{"line":23,"column":25},"end":{"line":23,"column":154}}]},"10":{"loc":{"start":{"line":23,"column":13},"end":{"line":23,"column":15}},"type":"cond-expr","locations":[{"start":{"line":23,"column":13},"end":{"line":23,"column":15}},{"start":{"line":23,"column":9},"end":{"line":23,"column":21}}]},"11":{"loc":{"start":{"line":23,"column":9},"end":{"line":23,"column":15}},"type":"binary-expr","locations":[{"start":{"line":23,"column":9},"end":{"line":23,"column":15}},{"start":{"line":23,"column":9},"end":{"line":23,"column":15}}]},"12":{"loc":{"start":{"line":24,"column":9},"end":{"line":24,"column":28}},"type":"binary-expr","locations":[{"start":{"line":24,"column":9},"end":{"line":24,"column":28}},{"start":{"line":24,"column":32},"end":{"line":24,"column":131}}]},"13":{"loc":{"start":{"line":24,"column":13},"end":{"line":24,"column":15}},"type":"cond-expr","locations":[{"start":{"line":24,"column":13},"end":{"line":24,"column":15}},{"start":{"line":24,"column":9},"end":{"line":24,"column":28}}]},"14":{"loc":{"start":{"line":24,"column":9},"end":{"line":24,"column":15}},"type":"binary-expr","locations":[{"start":{"line":24,"column":9},"end":{"line":24,"column":15}},{"start":{"line":24,"column":9},"end":{"line":24,"column":15}}]},"15":{"loc":{"start":{"line":25,"column":9},"end":{"line":25,"column":34}},"type":"binary-expr","locations":[{"start":{"line":25,"column":9},"end":{"line":25,"column":34}},{"start":{"line":25,"column":38},"end":{"line":25,"column":148}}]},"16":{"loc":{"start":{"line":25,"column":13},"end":{"line":25,"column":15}},"type":"cond-expr","locations":[{"start":{"line":25,"column":13},"end":{"line":25,"column":15}},{"start":{"line":25,"column":9},"end":{"line":25,"column":34}}]},"17":{"loc":{"start":{"line":25,"column":9},"end":{"line":25,"column":15}},"type":"binary-expr","locations":[{"start":{"line":25,"column":9},"end":{"line":25,"column":15}},{"start":{"line":25,"column":9},"end":{"line":25,"column":15}}]},"18":{"loc":{"start":{"line":26,"column":9},"end":{"line":26,"column":27}},"type":"binary-expr","locations":[{"start":{"line":26,"column":9},"end":{"line":26,"column":27}},{"start":{"line":26,"column":31},"end":{"line":26,"column":126}}]},"19":{"loc":{"start":{"line":26,"column":13},"end":{"line":26,"column":15}},"type":"cond-expr","locations":[{"start":{"line":26,"column":13},"end":{"line":26,"column":15}},{"start":{"line":26,"column":9},"end":{"line":26,"column":27}}]},"20":{"loc":{"start":{"line":26,"column":9},"end":{"line":26,"column":15}},"type":"binary-expr","locations":[{"start":{"line":26,"column":9},"end":{"line":26,"column":15}},{"start":{"line":26,"column":9},"end":{"line":26,"column":15}}]},"21":{"loc":{"start":{"line":27,"column":9},"end":{"line":27,"column":36}},"type":"binary-expr","locations":[{"start":{"line":27,"column":9},"end":{"line":27,"column":36}},{"start":{"line":27,"column":40},"end":{"line":27,"column":150}}]},"22":{"loc":{"start":{"line":27,"column":13},"end":{"line":27,"column":15}},"type":"cond-expr","locations":[{"start":{"line":27,"column":13},"end":{"line":27,"column":15}},{"start":{"line":27,"column":9},"end":{"line":27,"column":36}}]},"23":{"loc":{"start":{"line":27,"column":9},"end":{"line":27,"column":15}},"type":"binary-expr","locations":[{"start":{"line":27,"column":9},"end":{"line":27,"column":15}},{"start":{"line":27,"column":9},"end":{"line":27,"column":15}}]},"24":{"loc":{"start":{"line":28,"column":9},"end":{"line":28,"column":19}},"type":"binary-expr","locations":[{"start":{"line":28,"column":9},"end":{"line":28,"column":19}},{"start":{"line":28,"column":23},"end":{"line":28,"column":116}}]},"25":{"loc":{"start":{"line":28,"column":13},"end":{"line":28,"column":15}},"type":"cond-expr","locations":[{"start":{"line":28,"column":13},"end":{"line":28,"column":15}},{"start":{"line":28,"column":9},"end":{"line":28,"column":19}}]},"26":{"loc":{"start":{"line":28,"column":9},"end":{"line":28,"column":15}},"type":"binary-expr","locations":[{"start":{"line":28,"column":9},"end":{"line":28,"column":15}},{"start":{"line":28,"column":9},"end":{"line":28,"column":15}}]},"27":{"loc":{"start":{"line":29,"column":9},"end":{"line":29,"column":34}},"type":"binary-expr","locations":[{"start":{"line":29,"column":9},"end":{"line":29,"column":34}},{"start":{"line":29,"column":38},"end":{"line":29,"column":149}}]},"28":{"loc":{"start":{"line":29,"column":13},"end":{"line":29,"column":15}},"type":"cond-expr","locations":[{"start":{"line":29,"column":13},"end":{"line":29,"column":15}},{"start":{"line":29,"column":9},"end":{"line":29,"column":34}}]},"29":{"loc":{"start":{"line":29,"column":9},"end":{"line":29,"column":15}},"type":"binary-expr","locations":[{"start":{"line":29,"column":9},"end":{"line":29,"column":15}},{"start":{"line":29,"column":9},"end":{"line":29,"column":15}}]}},"s":{"0":1,"1":1,"2":1,"3":1,"4":457,"5":228,"6":1},"f":{"0":229},"b":{"0":[228,76],"1":[0,228],"2":[228,228],"3":[228,76],"4":[0,228],"5":[228,228],"6":[228,76],"7":[0,228],"8":[228,228],"9":[228,76],"10":[0,228],"11":[228,228],"12":[228,76],"13":[0,228],"14":[228,228],"15":[228,76],"16":[0,228],"17":[228,228],"18":[228,76],"19":[0,228],"20":[228,228],"21":[228,76],"22":[0,228],"23":[228,228],"24":[228,76],"25":[0,228],"26":[228,228],"27":[228,76],"28":[0,228],"29":[228,228]}}
,"/home/felipelima/Documents/Projects/kinvo-front-end-test/src/components/selectInput/SelectInput.tsx": {"path":"/home/felipelima/Documents/Projects/kinvo-front-end-test/src/components/selectInput/SelectInput.tsx","statementMap":{"0":{"start":{"line":1,"column":0},"end":{"line":1,"column":26}},"1":{"start":{"line":2,"column":0},"end":{"line":2,"column":76}},"2":{"start":{"line":6,"column":20},"end":{"line":23,"column":1}},"3":{"start":{"line":7,"column":39},"end":{"line":7,"column":45}},"4":{"start":{"line":9,"column":23},"end":{"line":13,"column":3}},"5":{"start":{"line":10,"column":4},"end":{"line":12,"column":null}},"6":{"start":{"line":11,"column":6},"end":{"line":11,"column":22}},"7":{"start":{"line":15,"column":2},"end":{"line":22,"column":4}},"8":{"start":{"line":18,"column":55},"end":{"line":18,"column":108}},"9":{"start":{"line":25,"column":0},"end":{"line":25,"column":27}}},"fnMap":{"0":{"name":"(anonymous_1)","decl":{"start":{"line":6,"column":20},"end":{"line":6,"column":21}},"loc":{"start":{"line":6,"column":44},"end":{"line":23,"column":1}}},"1":{"name":"(anonymous_2)","decl":{"start":{"line":9,"column":23},"end":{"line":9,"column":24}},"loc":{"start":{"line":9,"column":92},"end":{"line":13,"column":3}}},"2":{"name":"(anonymous_3)","decl":{"start":{"line":18,"column":45},"end":{"line":18,"column":51}},"loc":{"start":{"line":18,"column":51},"end":{"line":18,"column":63}}}},"branchMap":{"0":{"loc":{"start":{"line":10,"column":4},"end":{"line":12,"column":null}},"type":"if","locations":[{"start":{"line":10,"column":4},"end":{"line":12,"column":null}},{"start":{"line":10,"column":4},"end":{"line":12,"column":null}}]},"1":{"loc":{"start":{"line":18,"column":9},"end":{"line":18,"column":28}},"type":"binary-expr","locations":[{"start":{"line":18,"column":9},"end":{"line":18,"column":28}},{"start":{"line":18,"column":32},"end":{"line":18,"column":108}}]},"2":{"loc":{"start":{"line":18,"column":16},"end":{"line":18,"column":18}},"type":"cond-expr","locations":[{"start":{"line":18,"column":16},"end":{"line":18,"column":18}},{"start":{"line":18,"column":9},"end":{"line":18,"column":24}}]},"3":{"loc":{"start":{"line":18,"column":9},"end":{"line":18,"column":18}},"type":"binary-expr","locations":[{"start":{"line":18,"column":9},"end":{"line":18,"column":18}},{"start":{"line":18,"column":9},"end":{"line":18,"column":18}}]},"4":{"loc":{"start":{"line":18,"column":39},"end":{"line":18,"column":41}},"type":"cond-expr","locations":[{"start":{"line":18,"column":39},"end":{"line":18,"column":41}},{"start":{"line":18,"column":32},"end":{"line":18,"column":108}}]},"5":{"loc":{"start":{"line":18,"column":32},"end":{"line":18,"column":41}},"type":"binary-expr","locations":[{"start":{"line":18,"column":32},"end":{"line":18,"column":41}},{"start":{"line":18,"column":32},"end":{"line":18,"column":41}}]}},"s":{"0":1,"1":1,"2":1,"3":169,"4":56,"5":0,"6":0,"7":56,"8":112,"9":1},"f":{"0":57,"1":0,"2":112},"b":{"0":[0,0],"1":[56,56],"2":[0,56],"3":[56,56],"4":[0,56],"5":[56,56]}}
,"/home/felipelima/Documents/Projects/kinvo-front-end-test/src/components/svgIcon/SvgIcon.tsx": {"path":"/home/felipelima/Documents/Projects/kinvo-front-end-test/src/components/svgIcon/SvgIcon.tsx","statementMap":{"0":{"start":{"line":1,"column":0},"end":{"line":1,"column":51}},"1":{"start":{"line":2,"column":0},"end":{"line":2,"column":39}},"2":{"start":{"line":3,"column":0},"end":{"line":3,"column":34}},"3":{"start":{"line":6,"column":18},"end":{"line":13,"column":null}},"4":{"start":{"line":7,"column":20},"end":{"line":7,"column":null}},"5":{"start":{"line":8,"column":21},"end":{"line":8,"column":null}},"6":{"start":{"line":10,"column":24},"end":{"line":10,"column":null}},"7":{"start":{"line":11,"column":23},"end":{"line":11,"column":null}},"8":{"start":{"line":12,"column":13},"end":{"line":12,"column":null}},"9":{"start":{"line":13,"column":13},"end":{"line":13,"column":null}},"10":{"start":{"line":16,"column":23},"end":{"line":32,"column":1}},"11":{"start":{"line":17,"column":66},"end":{"line":17,"column":72}},"12":{"start":{"line":18,"column":26},"end":{"line":18,"column":41}},"13":{"start":{"line":18,"column":13},"end":{"line":18,"column":15}},"14":{"start":{"line":18,"column":22},"end":{"line":18,"column":26}},"15":{"start":{"line":20,"column":2},"end":{"line":25,"column":9}},"16":{"start":{"line":21,"column":19},"end":{"line":21,"column":84}},"17":{"start":{"line":22,"column":4},"end":{"line":24,"column":null}},"18":{"start":{"line":23,"column":6},"end":{"line":23,"column":20}},"19":{"start":{"line":27,"column":2},"end":{"line":29,"column":null}},"20":{"start":{"line":28,"column":4},"end":{"line":28,"column":144}},"21":{"start":{"line":31,"column":2},"end":{"line":31,"column":134}},"22":{"start":{"line":16,"column":13},"end":{"line":16,"column":23}},"23":{"start":{"line":34,"column":0},"end":{"line":34,"column":23}}},"fnMap":{"0":{"name":"(anonymous_8)","decl":{"start":{"line":7,"column":11},"end":{"line":7,"column":16}},"loc":{"start":{"line":7,"column":16},"end":{"line":7,"column":25}}},"1":{"name":"(anonymous_9)","decl":{"start":{"line":8,"column":12},"end":{"line":8,"column":17}},"loc":{"start":{"line":8,"column":17},"end":{"line":8,"column":26}}},"2":{"name":"(anonymous_10)","decl":{"start":{"line":10,"column":15},"end":{"line":10,"column":20}},"loc":{"start":{"line":10,"column":20},"end":{"line":10,"column":25}}},"3":{"name":"(anonymous_11)","decl":{"start":{"line":11,"column":14},"end":{"line":11,"column":19}},"loc":{"start":{"line":11,"column":19},"end":{"line":11,"column":28}}},"4":{"name":"(anonymous_12)","decl":{"start":{"line":12,"column":4},"end":{"line":12,"column":9}},"loc":{"start":{"line":12,"column":9},"end":{"line":12,"column":14}}},"5":{"name":"(anonymous_13)","decl":{"start":{"line":13,"column":4},"end":{"line":13,"column":9}},"loc":{"start":{"line":13,"column":9},"end":{"line":13,"column":14}}},"6":{"name":"(anonymous_14)","decl":{"start":{"line":16,"column":23},"end":{"line":16,"column":24}},"loc":{"start":{"line":16,"column":43},"end":{"line":32,"column":1}}},"7":{"name":"(anonymous_15)","decl":{"start":{"line":20,"column":12},"end":{"line":20,"column":null}},"loc":{"start":{"line":20,"column":12},"end":{"line":25,"column":3}}}},"branchMap":{"0":{"loc":{"start":{"line":6,"column":29},"end":{"line":6,"column":null}},"type":"binary-expr","locations":[{"start":{"line":6,"column":29},"end":{"line":6,"column":null}},{"start":{"line":6,"column":29},"end":{"line":14,"column":2}}]},"1":{"loc":{"start":{"line":7,"column":20},"end":{"line":7,"column":31}},"type":"binary-expr","locations":[{"start":{"line":7,"column":20},"end":{"line":7,"column":31}},{"start":{"line":7,"column":35},"end":{"line":7,"column":37}}]},"2":{"loc":{"start":{"line":8,"column":21},"end":{"line":8,"column":33}},"type":"binary-expr","locations":[{"start":{"line":8,"column":21},"end":{"line":8,"column":33}},{"start":{"line":8,"column":37},"end":{"line":8,"column":39}}]},"3":{"loc":{"start":{"line":10,"column":42},"end":{"line":10,"column":57}},"type":"cond-expr","locations":[{"start":{"line":10,"column":42},"end":{"line":10,"column":57}},{"start":{"line":10,"column":60},"end":{"line":10,"column":66}}]},"4":{"loc":{"start":{"line":11,"column":23},"end":{"line":11,"column":34}},"type":"binary-expr","locations":[{"start":{"line":11,"column":23},"end":{"line":11,"column":34}},{"start":{"line":11,"column":38},"end":{"line":11,"column":40}}]},"5":{"loc":{"start":{"line":12,"column":27},"end":{"line":12,"column":69}},"type":"cond-expr","locations":[{"start":{"line":12,"column":27},"end":{"line":12,"column":69}},{"start":{"line":12,"column":72},"end":{"line":12,"column":85}}]},"6":{"loc":{"start":{"line":13,"column":29},"end":{"line":13,"column":75}},"type":"cond-expr","locations":[{"start":{"line":13,"column":29},"end":{"line":13,"column":75}},{"start":{"line":13,"column":78},"end":{"line":13,"column":80}}]},"7":{"loc":{"start":{"line":21,"column":19},"end":{"line":21,"column":48}},"type":"binary-expr","locations":[{"start":{"line":21,"column":19},"end":{"line":21,"column":48}},{"start":{"line":21,"column":52},"end":{"line":21,"column":84}}]},"8":{"loc":{"start":{"line":22,"column":4},"end":{"line":24,"column":null}},"type":"if","locations":[{"start":{"line":22,"column":4},"end":{"line":24,"column":null}},{"start":{"line":22,"column":4},"end":{"line":24,"column":null}}]},"9":{"loc":{"start":{"line":27,"column":2},"end":{"line":29,"column":null}},"type":"if","locations":[{"start":{"line":27,"column":2},"end":{"line":29,"column":null}},{"start":{"line":27,"column":2},"end":{"line":29,"column":null}}]}},"s":{"0":1,"1":1,"2":1,"3":1,"4":112,"5":112,"6":112,"7":112,"8":112,"9":112,"10":1,"11":784,"12":112,"13":112,"14":112,"15":112,"16":6,"17":6,"18":0,"19":112,"20":0,"21":112,"22":1,"23":1},"f":{"0":112,"1":112,"2":112,"3":112,"4":112,"5":112,"6":112,"7":6},"b":{"0":[1,1],"1":[112,56],"2":[112,56],"3":[56,56],"4":[112,56],"5":[0,112],"6":[0,112],"7":[6,0],"8":[0,6],"9":[0,112]}}
,"/home/felipelima/Documents/Projects/kinvo-front-end-test/src/pages/fixedIncomeFund/FixedIncomeFund.types.ts": {"path":"/home/felipelima/Documents/Projects/kinvo-front-end-test/src/pages/fixedIncomeFund/FixedIncomeFund.types.ts","statementMap":{"0":{"start":{"line":1,"column":13},"end":{"line":8,"column":2}},"1":{"start":{"line":10,"column":13},"end":{"line":14,"column":2}}},"fnMap":{},"branchMap":{},"s":{"0":1,"1":1},"f":{},"b":{}}
,"/home/felipelima/Documents/Projects/kinvo-front-end-test/src/pages/fixedIncomeFund/components/snapshotByProduct/SnapshotByProduct.data.ts": {"path":"/home/felipelima/Documents/Projects/kinvo-front-end-test/src/pages/fixedIncomeFund/components/snapshotByProduct/SnapshotByProduct.data.ts","statementMap":{"0":{"start":{"line":1,"column":13},"end":{"line":4,"column":2}}},"fnMap":{},"branchMap":{},"s":{"0":1},"f":{},"b":{}}
,"/home/felipelima/Documents/Projects/kinvo-front-end-test/src/pages/fixedIncomeFund/components/snapshotByProduct/SnapshotByProduct.tsx": {"path":"/home/felipelima/Documents/Projects/kinvo-front-end-test/src/pages/fixedIncomeFund/components/snapshotByProduct/SnapshotByProduct.tsx","statementMap":{"0":{"start":{"line":1,"column":0},"end":{"line":1,"column":71}},"1":{"start":{"line":2,"column":0},"end":{"line":2,"column":62}},"2":{"start":{"line":3,"column":0},"end":{"line":3,"column":50}},"3":{"start":{"line":4,"column":0},"end":{"line":4,"column":79}},"4":{"start":{"line":5,"column":0},"end":{"line":5,"column":88}},"5":{"start":{"line":6,"column":0},"end":{"line":6,"column":51}},"6":{"start":{"line":7,"column":0},"end":{"line":7,"column":57}},"7":{"start":{"line":8,"column":0},"end":{"line":8,"column":176}},"8":{"start":{"line":11,"column":26},"end":{"line":77,"column":1}},"9":{"start":{"line":12,"column":32},"end":{"line":12,"column":38}},"10":{"start":{"line":13,"column":46},"end":{"line":13,"column":58}},"11":{"start":{"line":13,"column":23},"end":{"line":13,"column":25}},"12":{"start":{"line":13,"column":42},"end":{"line":13,"column":46}},"13":{"start":{"line":14,"column":38},"end":{"line":14,"column":59}},"14":{"start":{"line":14,"column":19},"end":{"line":14,"column":21}},"15":{"start":{"line":14,"column":34},"end":{"line":14,"column":38}},"16":{"start":{"line":15,"column":40},"end":{"line":15,"column":59}},"17":{"start":{"line":15,"column":20},"end":{"line":15,"column":22}},"18":{"start":{"line":15,"column":36},"end":{"line":15,"column":40}},"19":{"start":{"line":16,"column":38},"end":{"line":16,"column":57}},"20":{"start":{"line":16,"column":19},"end":{"line":16,"column":21}},"21":{"start":{"line":16,"column":34},"end":{"line":16,"column":38}},"22":{"start":{"line":18,"column":29},"end":{"line":20,"column":3}},"23":{"start":{"line":19,"column":4},"end":{"line":19,"column":29}},"24":{"start":{"line":22,"column":33},"end":{"line":22,"column":35}},"25":{"start":{"line":25,"column":4},"end":{"line":25,"column":null}},"26":{"start":{"line":25,"column":54},"end":{"line":25,"column":73}},"27":{"start":{"line":24,"column":2},"end":{"line":26,"column":null}},"28":{"start":{"line":24,"column":15},"end":{"line":24,"column":16}},"29":{"start":{"line":24,"column":11},"end":{"line":24,"column":15}},"30":{"start":{"line":28,"column":23},"end":{"line":31,"column":null}},"31":{"start":{"line":28,"column":43},"end":{"line":31,"column":null}},"32":{"start":{"line":29,"column":10},"end":{"line":29,"column":161}},"33":{"start":{"line":29,"column":91},"end":{"line":29,"column":160}},"34":{"start":{"line":30,"column":4},"end":{"line":30,"column":33}},"35":{"start":{"line":33,"column":2},"end":{"line":40,"column":null}},"36":{"start":{"line":34,"column":4},"end":{"line":39,"column":null}},"37":{"start":{"line":35,"column":30},"end":{"line":35,"column":108}},"38":{"start":{"line":36,"column":24},"end":{"line":36,"column":108}},"39":{"start":{"line":37,"column":6},"end":{"line":37,"column":31}},"40":{"start":{"line":38,"column":6},"end":{"line":38,"column":37}},"41":{"start":{"line":42,"column":2},"end":{"line":47,"column":20}},"42":{"start":{"line":43,"column":4},"end":{"line":46,"column":null}},"43":{"start":{"line":44,"column":30},"end":{"line":44,"column":129}},"44":{"start":{"line":45,"column":6},"end":{"line":45,"column":null}},"45":{"start":{"line":49,"column":2},"end":{"line":76,"column":4}},"46":{"start":{"line":54,"column":89},"end":{"line":54,"column":130}},"47":{"start":{"line":57,"column":38},"end":{"line":57,"column":72}},"48":{"start":{"line":62,"column":36},"end":{"line":68,"column":10}},"49":{"start":{"line":64,"column":43},"end":{"line":66,"column":14}},"50":{"start":{"line":70,"column":47},"end":{"line":70,"column":80}},"51":{"start":{"line":72,"column":47},"end":{"line":72,"column":80}},"52":{"start":{"line":79,"column":0},"end":{"line":79,"column":33}}},"fnMap":{"0":{"name":"(anonymous_20)","decl":{"start":{"line":11,"column":26},"end":{"line":11,"column":27}},"loc":{"start":{"line":11,"column":57},"end":{"line":77,"column":1}}},"1":{"name":"(anonymous_21)","decl":{"start":{"line":18,"column":29},"end":{"line":18,"column":30}},"loc":{"start":{"line":18,"column":35},"end":{"line":20,"column":3}}},"2":{"name":"(anonymous_23)","decl":{"start":{"line":25,"column":48},"end":{"line":25,"column":54}},"loc":{"start":{"line":25,"column":48},"end":{"line":25,"column":68}}},"3":{"name":"(anonymous_24)","decl":{"start":{"line":28,"column":23},"end":{"line":28,"column":30}},"loc":{"start":{"line":28,"column":43},"end":{"line":31,"column":null}}},"4":{"name":"(anonymous_25)","decl":{"start":{"line":28,"column":43},"end":{"line":28,"column":null}},"loc":{"start":{"line":28,"column":43},"end":{"line":31,"column":null}}},"5":{"name":"(anonymous_27)","decl":{"start":{"line":29,"column":73},"end":{"line":29,"column":74}},"loc":{"start":{"line":29,"column":86},"end":{"line":29,"column":98}}},"6":{"name":"(anonymous_28)","decl":{"start":{"line":33,"column":12},"end":{"line":33,"column":null}},"loc":{"start":{"line":33,"column":12},"end":{"line":40,"column":3}}},"7":{"name":"(anonymous_29)","decl":{"start":{"line":42,"column":12},"end":{"line":42,"column":null}},"loc":{"start":{"line":42,"column":12},"end":{"line":47,"column":3}}},"8":{"name":"(anonymous_30)","decl":{"start":{"line":54,"column":80},"end":{"line":54,"column":85}},"loc":{"start":{"line":54,"column":85},"end":{"line":54,"column":107}}},"9":{"name":"(anonymous_31)","decl":{"start":{"line":57,"column":29},"end":{"line":57,"column":34}},"loc":{"start":{"line":57,"column":34},"end":{"line":57,"column":50}}},"10":{"name":"(anonymous_32)","decl":{"start":{"line":62,"column":25},"end":{"line":62,"column":32}},"loc":{"start":{"line":62,"column":32},"end":{"line":62,"column":null}}},"11":{"name":"(anonymous_33)","decl":{"start":{"line":64,"column":33},"end":{"line":64,"column":39}},"loc":{"start":{"line":64,"column":39},"end":{"line":64,"column":null}}},"12":{"name":"(anonymous_34)","decl":{"start":{"line":70,"column":41},"end":{"line":70,"column":47}},"loc":{"start":{"line":70,"column":41},"end":{"line":70,"column":61}}},"13":{"name":"(anonymous_35)","decl":{"start":{"line":72,"column":41},"end":{"line":72,"column":47}},"loc":{"start":{"line":72,"column":41},"end":{"line":72,"column":61}}}},"branchMap":{"0":{"loc":{"start":{"line":29,"column":27},"end":{"line":29,"column":44}},"type":"binary-expr","locations":[{"start":{"line":29,"column":27},"end":{"line":29,"column":44}},{"start":{"line":29,"column":48},"end":{"line":29,"column":160}}]},"1":{"loc":{"start":{"line":34,"column":4},"end":{"line":39,"column":null}},"type":"if","locations":[{"start":{"line":34,"column":4},"end":{"line":39,"column":null}},{"start":{"line":34,"column":4},"end":{"line":39,"column":null}}]},"2":{"loc":{"start":{"line":43,"column":4},"end":{"line":46,"column":null}},"type":"if","locations":[{"start":{"line":43,"column":4},"end":{"line":46,"column":null}},{"start":{"line":43,"column":4},"end":{"line":46,"column":null}}]},"3":{"loc":{"start":{"line":44,"column":30},"end":{"line":44,"column":47}},"type":"binary-expr","locations":[{"start":{"line":44,"column":30},"end":{"line":44,"column":47}},{"start":{"line":44,"column":51},"end":{"line":44,"column":129}}]},"4":{"loc":{"start":{"line":62,"column":19},"end":{"line":62,"column":21}},"type":"cond-expr","locations":[{"start":{"line":62,"column":19},"end":{"line":62,"column":21}},{"start":{"line":62,"column":9},"end":{"line":68,"column":10}}]},"5":{"loc":{"start":{"line":62,"column":9},"end":{"line":62,"column":21}},"type":"binary-expr","locations":[{"start":{"line":62,"column":9},"end":{"line":62,"column":21}},{"start":{"line":62,"column":9},"end":{"line":62,"column":21}}]}},"s":{"0":1,"1":1,"2":1,"3":1,"4":1,"5":1,"6":1,"7":1,"8":1,"9":57,"10":56,"11":56,"12":56,"13":56,"14":56,"15":56,"16":56,"17":56,"18":56,"19":56,"20":56,"21":56,"22":56,"23":0,"24":56,"25":58,"26":2,"27":56,"28":56,"29":58,"30":56,"31":46,"32":46,"33":230,"34":46,"35":56,"36":3,"37":3,"38":3,"39":3,"40":3,"41":56,"42":5,"43":5,"44":5,"45":56,"46":0,"47":46,"48":76,"49":228,"50":0,"51":0,"52":1},"f":{"0":57,"1":0,"2":2,"3":46,"4":46,"5":230,"6":3,"7":5,"8":0,"9":46,"10":76,"11":228,"12":0,"13":0},"b":{"0":[46,46],"1":[3,0],"2":[5,0],"3":[5,5],"4":[3,53],"5":[56,56]}}
}
