TN:
SF:src/components/cardFolderType/CardFolderType.tsx
FN:10,(anonymous_1)
FNF:1
FNH:1
FNDA:3,(anonymous_1)
DA:1,1
DA:2,1
DA:3,1
DA:10,1
DA:11,6
DA:13,3
DA:35,1
LF:7
LH:7
BRDA:20,0,0,3
BRDA:20,0,1,1
BRDA:20,1,0,0
BRDA:20,1,1,3
BRDA:20,2,0,3
BRDA:20,2,1,3
BRDA:21,3,0,3
BRDA:21,3,1,1
BRDA:21,4,0,0
BRDA:21,4,1,3
BRDA:21,5,0,3
BRDA:21,5,1,3
BRDA:22,6,0,3
BRDA:22,6,1,1
BRDA:22,7,0,0
BRDA:22,7,1,3
BRDA:22,8,0,3
BRDA:22,8,1,3
BRDA:23,9,0,3
BRDA:23,9,1,1
BRDA:23,10,0,0
BRDA:23,10,1,3
BRDA:23,11,0,3
BRDA:23,11,1,3
BRDA:24,12,0,3
BRDA:24,12,1,1
BRDA:24,13,0,0
BRDA:24,13,1,3
BRDA:24,14,0,3
BRDA:24,14,1,3
BRDA:25,15,0,3
BRDA:25,15,1,1
BRDA:25,16,0,0
BRDA:25,16,1,3
BRDA:25,17,0,3
BRDA:25,17,1,3
BRDA:26,18,0,3
BRDA:26,18,1,1
BRDA:26,19,0,0
BRDA:26,19,1,3
BRDA:26,20,0,3
BRDA:26,20,1,3
BRDA:27,21,0,3
BRDA:27,21,1,1
BRDA:27,22,0,0
BRDA:27,22,1,3
BRDA:27,23,0,3
BRDA:27,23,1,3
BRDA:28,24,0,3
BRDA:28,24,1,1
BRDA:28,25,0,0
BRDA:28,25,1,3
BRDA:28,26,0,3
BRDA:28,26,1,3
BRDA:29,27,0,3
BRDA:29,27,1,1
BRDA:29,28,0,0
BRDA:29,28,1,3
BRDA:29,29,0,3
BRDA:29,29,1,3
BRF:60
BRH:50
end_of_record
TN:
SF:src/components/cards/Cards.tsx
FN:6,(anonymous_1)
FNF:1
FNH:1
FNDA:2,(anonymous_1)
DA:1,1
DA:2,1
DA:3,1
DA:6,1
DA:7,6
DA:8,2
DA:18,1
LF:7
LH:7
BRDA:12,0,0,1
BRDA:12,0,1,1
BRF:2
BRH:2
end_of_record
TN:
SF:src/components/kinvoHeader/KinvoHeader.data.ts
FNF:0
FNH:0
DA:1,1
LF:1
LH:1
BRF:0
BRH:0
end_of_record
TN:
SF:src/components/kinvoHeader/KinvoHeader.tsx
FN:7,(anonymous_1)
FN:11,(anonymous_2)
FNF:2
FNH:2
FNDA:2,(anonymous_1)
FNDA:6,(anonymous_2)
DA:1,1
DA:2,1
DA:3,1
DA:4,1
DA:5,1
DA:7,2
DA:11,6
DA:27,1
LF:8
LH:8
BRDA:16,0,0,4
BRDA:16,0,1,2
BRF:2
BRH:2
end_of_record
TN:
SF:src/components/svgIcon/SvgIcon.tsx
FN:7,(anonymous_8)
FN:8,(anonymous_9)
FN:10,(anonymous_10)
FN:11,(anonymous_11)
FN:12,(anonymous_12)
FN:13,(anonymous_13)
FN:16,(anonymous_14)
FN:20,(anonymous_15)
FNF:8
FNH:8
FNDA:5,(anonymous_8)
FNDA:5,(anonymous_9)
FNDA:5,(anonymous_10)
FNDA:5,(anonymous_11)
FNDA:5,(anonymous_12)
FNDA:5,(anonymous_13)
FNDA:5,(anonymous_14)
FNDA:5,(anonymous_15)
DA:1,1
DA:2,1
DA:3,1
DA:6,1
DA:7,5
DA:8,5
DA:10,5
DA:11,5
DA:12,5
DA:13,5
DA:16,1
DA:17,35
DA:18,5
DA:20,5
DA:21,5
DA:22,5
DA:23,0
DA:27,5
DA:28,0
DA:31,5
DA:34,1
LF:21
LH:19
BRDA:6,0,0,1
BRDA:6,0,1,1
BRDA:7,1,0,5
BRDA:7,1,1,0
BRDA:8,2,0,5
BRDA:8,2,1,0
BRDA:10,3,0,5
BRDA:10,3,1,0
BRDA:11,4,0,5
BRDA:11,4,1,0
BRDA:12,5,0,1
BRDA:12,5,1,4
BRDA:13,6,0,0
BRDA:13,6,1,5
BRDA:21,7,0,5
BRDA:21,7,1,0
BRDA:22,8,0,0
BRDA:22,8,1,5
BRDA:27,9,0,0
BRDA:27,9,1,5
BRF:20
BRH:12
end_of_record
