TN:
SF:src/components/cardFolderType/CardFolderType.tsx
FN:10,(anonymous_1)
FNF:1
FNH:1
FNDA:229,(anonymous_1)
DA:1,1
DA:2,1
DA:3,1
DA:10,1
DA:11,457
DA:13,228
DA:35,1
LF:7
LH:7
BRDA:20,0,0,228
BRDA:20,0,1,76
BRDA:20,1,0,0
BRDA:20,1,1,228
BRDA:20,2,0,228
BRDA:20,2,1,228
BRDA:21,3,0,228
BRDA:21,3,1,76
BRDA:21,4,0,0
BRDA:21,4,1,228
BRDA:21,5,0,228
BRDA:21,5,1,228
BRDA:22,6,0,228
BRDA:22,6,1,76
BRDA:22,7,0,0
BRDA:22,7,1,228
BRDA:22,8,0,228
BRDA:22,8,1,228
BRDA:23,9,0,228
BRDA:23,9,1,76
BRDA:23,10,0,0
BRDA:23,10,1,228
BRDA:23,11,0,228
BRDA:23,11,1,228
BRDA:24,12,0,228
BRDA:24,12,1,76
BRDA:24,13,0,0
BRDA:24,13,1,228
BRDA:24,14,0,228
BRDA:24,14,1,228
BRDA:25,15,0,228
BRDA:25,15,1,76
BRDA:25,16,0,0
BRDA:25,16,1,228
BRDA:25,17,0,228
BRDA:25,17,1,228
BRDA:26,18,0,228
BRDA:26,18,1,76
BRDA:26,19,0,0
BRDA:26,19,1,228
BRDA:26,20,0,228
BRDA:26,20,1,228
BRDA:27,21,0,228
BRDA:27,21,1,76
BRDA:27,22,0,0
BRDA:27,22,1,228
BRDA:27,23,0,228
BRDA:27,23,1,228
BRDA:28,24,0,228
BRDA:28,24,1,76
BRDA:28,25,0,0
BRDA:28,25,1,228
BRDA:28,26,0,228
BRDA:28,26,1,228
BRDA:29,27,0,228
BRDA:29,27,1,76
BRDA:29,28,0,0
BRDA:29,28,1,228
BRDA:29,29,0,228
BRDA:29,29,1,228
BRF:60
BRH:50
end_of_record
TN:
SF:src/components/selectInput/SelectInput.tsx
FN:6,(anonymous_1)
FN:9,(anonymous_2)
FN:18,(anonymous_3)
FNF:3
FNH:2
FNDA:57,(anonymous_1)
FNDA:0,(anonymous_2)
FNDA:112,(anonymous_3)
DA:1,1
DA:2,1
DA:6,1
DA:7,169
DA:9,56
DA:10,0
DA:11,0
DA:15,56
DA:18,112
DA:25,1
LF:10
LH:8
BRDA:10,0,0,0
BRDA:10,0,1,0
BRDA:18,1,0,56
BRDA:18,1,1,56
BRDA:18,2,0,0
BRDA:18,2,1,56
BRDA:18,3,0,56
BRDA:18,3,1,56
BRDA:18,4,0,0
BRDA:18,4,1,56
BRDA:18,5,0,56
BRDA:18,5,1,56
BRF:12
BRH:8
end_of_record
TN:
SF:src/components/svgIcon/SvgIcon.tsx
FN:7,(anonymous_8)
FN:8,(anonymous_9)
FN:10,(anonymous_10)
FN:11,(anonymous_11)
FN:12,(anonymous_12)
FN:13,(anonymous_13)
FN:16,(anonymous_14)
FN:20,(anonymous_15)
FNF:8
FNH:8
FNDA:112,(anonymous_8)
FNDA:112,(anonymous_9)
FNDA:112,(anonymous_10)
FNDA:112,(anonymous_11)
FNDA:112,(anonymous_12)
FNDA:112,(anonymous_13)
FNDA:112,(anonymous_14)
FNDA:6,(anonymous_15)
DA:1,1
DA:2,1
DA:3,1
DA:6,1
DA:7,112
DA:8,112
DA:10,112
DA:11,112
DA:12,112
DA:13,112
DA:16,1
DA:17,784
DA:18,112
DA:20,112
DA:21,6
DA:22,6
DA:23,0
DA:27,112
DA:28,0
DA:31,112
DA:34,1
LF:21
LH:19
BRDA:6,0,0,1
BRDA:6,0,1,1
BRDA:7,1,0,112
BRDA:7,1,1,56
BRDA:8,2,0,112
BRDA:8,2,1,56
BRDA:10,3,0,56
BRDA:10,3,1,56
BRDA:11,4,0,112
BRDA:11,4,1,56
BRDA:12,5,0,0
BRDA:12,5,1,112
BRDA:13,6,0,0
BRDA:13,6,1,112
BRDA:21,7,0,6
BRDA:21,7,1,0
BRDA:22,8,0,0
BRDA:22,8,1,6
BRDA:27,9,0,0
BRDA:27,9,1,112
BRF:20
BRH:15
end_of_record
TN:
SF:src/pages/fixedIncomeFund/FixedIncomeFund.types.ts
FNF:0
FNH:0
DA:1,1
DA:10,1
LF:2
LH:2
BRF:0
BRH:0
end_of_record
TN:
SF:src/pages/fixedIncomeFund/components/snapshotByProduct/SnapshotByProduct.data.ts
FNF:0
FNH:0
DA:1,1
LF:1
LH:1
BRF:0
BRH:0
end_of_record
TN:
SF:src/pages/fixedIncomeFund/components/snapshotByProduct/SnapshotByProduct.tsx
FN:11,(anonymous_20)
FN:18,(anonymous_21)
FN:25,(anonymous_23)
FN:28,(anonymous_24)
FN:28,(anonymous_25)
FN:29,(anonymous_27)
FN:33,(anonymous_28)
FN:42,(anonymous_29)
FN:54,(anonymous_30)
FN:57,(anonymous_31)
FN:62,(anonymous_32)
FN:64,(anonymous_33)
FN:70,(anonymous_34)
FN:72,(anonymous_35)
FNF:14
FNH:10
FNDA:57,(anonymous_20)
FNDA:0,(anonymous_21)
FNDA:2,(anonymous_23)
FNDA:46,(anonymous_24)
FNDA:46,(anonymous_25)
FNDA:230,(anonymous_27)
FNDA:3,(anonymous_28)
FNDA:5,(anonymous_29)
FNDA:0,(anonymous_30)
FNDA:46,(anonymous_31)
FNDA:76,(anonymous_32)
FNDA:228,(anonymous_33)
FNDA:0,(anonymous_34)
FNDA:0,(anonymous_35)
DA:1,1
DA:2,1
DA:3,1
DA:4,1
DA:5,1
DA:6,1
DA:7,1
DA:8,1
DA:11,1
DA:12,57
DA:13,56
DA:14,56
DA:15,56
DA:16,56
DA:18,56
DA:19,0
DA:22,56
DA:24,58
DA:25,58
DA:28,56
DA:29,230
DA:30,46
DA:33,56
DA:34,3
DA:35,3
DA:36,3
DA:37,3
DA:38,3
DA:42,56
DA:43,5
DA:44,5
DA:45,5
DA:49,56
DA:54,0
DA:57,46
DA:62,76
DA:64,228
DA:70,0
DA:72,0
DA:79,1
LF:40
LH:36
BRDA:29,0,0,46
BRDA:29,0,1,46
BRDA:34,1,0,3
BRDA:34,1,1,0
BRDA:43,2,0,5
BRDA:43,2,1,0
BRDA:44,3,0,5
BRDA:44,3,1,5
BRDA:62,4,0,3
BRDA:62,4,1,53
BRDA:62,5,0,56
BRDA:62,5,1,56
BRF:12
BRH:10
end_of_record
